<?xml version="1.0" encoding="UTF-8"?>
<testng-results ignored="0" total="12" passed="10" failed="2" skipped="0">
  <reporter-output>
  </reporter-output>
  <suite started-at="2024-07-26T18:00:03 IST" name="Capstone Suite" finished-at="2024-07-26T18:01:20 IST" duration-ms="76930">
    <groups>
    </groups>
    <test started-at="2024-07-26T18:00:03 IST" name="Testing Factorial" finished-at="2024-07-26T18:01:20 IST" duration-ms="76930">
      <class name="com.factorial.testCases.TC03_DataDrivenTesting">
        <test-method is-config="true" signature="setup(java.lang.String)[pri:0, instance:com.factorial.testCases.TC03_DataDrivenTesting@305ffe9e]" started-at="2024-07-26T18:00:24 IST" name="setup" finished-at="2024-07-26T18:00:50 IST" duration-ms="26228" status="PASS">
          <params>
            <param index="0">
              <value>
                <![CDATA[chrome]]>
              </value>
            </param>
          </params>
          <reporter-output>
          </reporter-output>
        </test-method> <!-- setup -->
        <test-method signature="factorialDDT(java.lang.String)[pri:0, instance:com.factorial.testCases.TC03_DataDrivenTesting@305ffe9e]" started-at="2024-07-26T18:00:50 IST" name="factorialDDT" data-provider="Factorial Data" finished-at="2024-07-26T18:00:54 IST" duration-ms="3680" status="PASS">
          <params>
            <param index="0">
              <value>
                <![CDATA[4]]>
              </value>
            </param>
          </params>
          <reporter-output>
          </reporter-output>
        </test-method> <!-- factorialDDT -->
        <test-method signature="factorialDDT(java.lang.String)[pri:0, instance:com.factorial.testCases.TC03_DataDrivenTesting@305ffe9e]" started-at="2024-07-26T18:00:54 IST" name="factorialDDT" data-provider="Factorial Data" finished-at="2024-07-26T18:00:57 IST" duration-ms="3467" status="PASS">
          <params>
            <param index="0">
              <value>
                <![CDATA[5]]>
              </value>
            </param>
          </params>
          <reporter-output>
          </reporter-output>
        </test-method> <!-- factorialDDT -->
        <test-method signature="factorialDDT(java.lang.String)[pri:0, instance:com.factorial.testCases.TC03_DataDrivenTesting@305ffe9e]" started-at="2024-07-26T18:00:57 IST" name="factorialDDT" data-provider="Factorial Data" finished-at="2024-07-26T18:01:01 IST" duration-ms="3504" status="PASS">
          <params>
            <param index="0">
              <value>
                <![CDATA[6]]>
              </value>
            </param>
          </params>
          <reporter-output>
          </reporter-output>
        </test-method> <!-- factorialDDT -->
        <test-method signature="factorialDDT(java.lang.String)[pri:0, instance:com.factorial.testCases.TC03_DataDrivenTesting@305ffe9e]" started-at="2024-07-26T18:01:01 IST" name="factorialDDT" data-provider="Factorial Data" finished-at="2024-07-26T18:01:04 IST" duration-ms="3506" status="PASS">
          <params>
            <param index="0">
              <value>
                <![CDATA[7]]>
              </value>
            </param>
          </params>
          <reporter-output>
          </reporter-output>
        </test-method> <!-- factorialDDT -->
        <test-method signature="factorialDDT(java.lang.String)[pri:0, instance:com.factorial.testCases.TC03_DataDrivenTesting@305ffe9e]" started-at="2024-07-26T18:01:04 IST" name="factorialDDT" data-provider="Factorial Data" finished-at="2024-07-26T18:01:08 IST" duration-ms="3414" status="PASS">
          <params>
            <param index="0">
              <value>
                <![CDATA[8]]>
              </value>
            </param>
          </params>
          <reporter-output>
          </reporter-output>
        </test-method> <!-- factorialDDT -->
        <test-method signature="factorialDDT(java.lang.String)[pri:0, instance:com.factorial.testCases.TC03_DataDrivenTesting@305ffe9e]" started-at="2024-07-26T18:01:08 IST" name="factorialDDT" data-provider="Factorial Data" finished-at="2024-07-26T18:01:11 IST" duration-ms="3466" status="PASS">
          <params>
            <param index="0">
              <value>
                <![CDATA[9]]>
              </value>
            </param>
          </params>
          <reporter-output>
          </reporter-output>
        </test-method> <!-- factorialDDT -->
        <test-method signature="factorialDDT(java.lang.String)[pri:0, instance:com.factorial.testCases.TC03_DataDrivenTesting@305ffe9e]" started-at="2024-07-26T18:01:11 IST" name="factorialDDT" data-provider="Factorial Data" finished-at="2024-07-26T18:01:15 IST" duration-ms="3430" status="PASS">
          <params>
            <param index="0">
              <value>
                <![CDATA[10]]>
              </value>
            </param>
          </params>
          <reporter-output>
          </reporter-output>
        </test-method> <!-- factorialDDT -->
        <test-method is-config="true" signature="tearDown()[pri:0, instance:com.factorial.testCases.TC03_DataDrivenTesting@305ffe9e]" started-at="2024-07-26T18:01:15 IST" name="tearDown" finished-at="2024-07-26T18:01:15 IST" duration-ms="315" status="PASS">
          <reporter-output>
          </reporter-output>
        </test-method> <!-- tearDown -->
      </class> <!-- com.factorial.testCases.TC03_DataDrivenTesting -->
      <class name="com.factorial.testCases.TC01_Validate_UIElements">
        <test-method is-config="true" signature="setup(java.lang.String)[pri:0, instance:com.factorial.testCases.TC01_Validate_UIElements@2b30a42c]" started-at="2024-07-26T18:00:03 IST" name="setup" finished-at="2024-07-26T18:00:13 IST" duration-ms="10429" status="PASS">
          <params>
            <param index="0">
              <value>
                <![CDATA[chrome]]>
              </value>
            </param>
          </params>
          <reporter-output>
          </reporter-output>
        </test-method> <!-- setup -->
        <test-method signature="validateUI()[pri:0, instance:com.factorial.testCases.TC01_Validate_UIElements@2b30a42c]" started-at="2024-07-26T18:00:13 IST" name="validateUI" finished-at="2024-07-26T18:00:14 IST" duration-ms="577" status="PASS">
          <reporter-output>
          </reporter-output>
        </test-method> <!-- validateUI -->
        <test-method is-config="true" signature="tearDown()[pri:0, instance:com.factorial.testCases.TC01_Validate_UIElements@2b30a42c]" started-at="2024-07-26T18:00:14 IST" name="tearDown" finished-at="2024-07-26T18:00:14 IST" duration-ms="394" status="PASS">
          <reporter-output>
          </reporter-output>
        </test-method> <!-- tearDown -->
      </class> <!-- com.factorial.testCases.TC01_Validate_UIElements -->
      <class name="com.factorial.testCases.TC04_PrivacyBug">
        <test-method is-config="true" signature="setup(java.lang.String)[pri:0, instance:com.factorial.testCases.TC04_PrivacyBug@302c971f]" started-at="2024-07-26T18:01:15 IST" name="setup" finished-at="2024-07-26T18:01:19 IST" duration-ms="3728" status="PASS">
          <params>
            <param index="0">
              <value>
                <![CDATA[chrome]]>
              </value>
            </param>
          </params>
          <reporter-output>
          </reporter-output>
        </test-method> <!-- setup -->
        <test-method signature="bug()[pri:0, instance:com.factorial.testCases.TC04_PrivacyBug@302c971f]" started-at="2024-07-26T18:01:19 IST" name="bug" finished-at="2024-07-26T18:01:19 IST" duration-ms="610" status="FAIL">
          <exception class="java.lang.AssertionError">
            <message>
              <![CDATA[expected [This is the privacy document. We are not yet ready with it. Stay tuned!] but found [This is the terms and conditions document. We are not yet ready with it. Stay tuned!]]]>
            </message>
            <full-stacktrace>
              <![CDATA[java.lang.AssertionError: expected [This is the privacy document. We are not yet ready with it. Stay tuned!] but found [This is the terms and conditions document. We are not yet ready with it. Stay tuned!]
at org.testng.Assert.fail(Assert.java:111)
at org.testng.Assert.failNotEquals(Assert.java:1578)
at org.testng.Assert.assertEqualsImpl(Assert.java:150)
at org.testng.Assert.assertEquals(Assert.java:132)
at org.testng.Assert.assertEquals(Assert.java:656)
at org.testng.Assert.assertEquals(Assert.java:666)
at com.factorial.pagesObjects.HomePage.privacyBug(HomePage.java:114)
at com.factorial.testCases.TC04_PrivacyBug.bug(TC04_PrivacyBug.java:12)
at java.base/jdk.internal.reflect.NativeMethodAccessorImpl.invoke0(Native Method)
at java.base/jdk.internal.reflect.NativeMethodAccessorImpl.invoke(NativeMethodAccessorImpl.java:77)
at java.base/jdk.internal.reflect.DelegatingMethodAccessorImpl.invoke(DelegatingMethodAccessorImpl.java:43)
at java.base/java.lang.reflect.Method.invoke(Method.java:568)
at org.testng.internal.invokers.MethodInvocationHelper.invokeMethod(MethodInvocationHelper.java:139)
at org.testng.internal.invokers.TestInvoker.invokeMethod(TestInvoker.java:664)
at org.testng.internal.invokers.TestInvoker.invokeTestMethod(TestInvoker.java:228)
at org.testng.internal.invokers.MethodRunner.runInSequence(MethodRunner.java:63)
at org.testng.internal.invokers.TestInvoker$MethodInvocationAgent.invoke(TestInvoker.java:961)
at org.testng.internal.invokers.TestInvoker.invokeTestMethods(TestInvoker.java:201)
at org.testng.internal.invokers.TestMethodWorker.invokeTestMethods(TestMethodWorker.java:148)
at org.testng.internal.invokers.TestMethodWorker.run(TestMethodWorker.java:128)
at java.base/java.util.ArrayList.forEach(ArrayList.java:1511)
at org.testng.TestRunner.privateRun(TestRunner.java:819)
at org.testng.TestRunner.run(TestRunner.java:619)
at org.testng.SuiteRunner.runTest(SuiteRunner.java:443)
at org.testng.SuiteRunner.runSequentially(SuiteRunner.java:437)
at org.testng.SuiteRunner.privateRun(SuiteRunner.java:397)
at org.testng.SuiteRunner.run(SuiteRunner.java:336)
at org.testng.SuiteRunnerWorker.runSuite(SuiteRunnerWorker.java:52)
at org.testng.SuiteRunnerWorker.run(SuiteRunnerWorker.java:95)
at org.testng.TestNG.runSuitesSequentially(TestNG.java:1301)
at org.testng.TestNG.runSuitesLocally(TestNG.java:1228)
at org.testng.TestNG.runSuites(TestNG.java:1134)
at org.testng.TestNG.run(TestNG.java:1101)
at org.testng.remote.AbstractRemoteTestNG.run(AbstractRemoteTestNG.java:115)
at org.testng.remote.RemoteTestNG.initAndRun(RemoteTestNG.java:293)
at org.testng.remote.RemoteTestNG.main(RemoteTestNG.java:91)
]]>
            </full-stacktrace>
          </exception> <!-- java.lang.AssertionError -->
          <reporter-output>
          </reporter-output>
        </test-method> <!-- bug -->
        <test-method is-config="true" signature="tearDown()[pri:0, instance:com.factorial.testCases.TC04_PrivacyBug@302c971f]" started-at="2024-07-26T18:01:19 IST" name="tearDown" finished-at="2024-07-26T18:01:20 IST" duration-ms="267" status="PASS">
          <reporter-output>
          </reporter-output>
        </test-method> <!-- tearDown -->
      </class> <!-- com.factorial.testCases.TC04_PrivacyBug -->
      <class name="com.factorial.testCases.TC02_ValidatePlaceholder">
        <test-method is-config="true" signature="setup(java.lang.String)[pri:0, instance:com.factorial.testCases.TC02_ValidatePlaceholder@514646ef]" started-at="2024-07-26T18:00:14 IST" name="setup" finished-at="2024-07-26T18:00:20 IST" duration-ms="5775" status="PASS">
          <params>
            <param index="0">
              <value>
                <![CDATA[chrome]]>
              </value>
            </param>
          </params>
          <reporter-output>
          </reporter-output>
        </test-method> <!-- setup -->
        <test-method signature="verifyPlaceholder()[pri:0, instance:com.factorial.testCases.TC02_ValidatePlaceholder@514646ef]" started-at="2024-07-26T18:00:20 IST" name="verifyPlaceholder" finished-at="2024-07-26T18:00:22 IST" duration-ms="1961" status="PASS">
          <reporter-output>
          </reporter-output>
        </test-method> <!-- verifyPlaceholder -->
        <test-method signature="verifyTitle()[pri:0, instance:com.factorial.testCases.TC02_ValidatePlaceholder@514646ef]" started-at="2024-07-26T18:00:22 IST" name="verifyTitle" finished-at="2024-07-26T18:00:22 IST" duration-ms="377" status="FAIL">
          <exception class="java.lang.AssertionError">
            <message>
              <![CDATA[expected [Factorial] but found [Factoriall]]]>
            </message>
            <full-stacktrace>
              <![CDATA[java.lang.AssertionError: expected [Factorial] but found [Factoriall]
at org.testng.Assert.fail(Assert.java:111)
at org.testng.Assert.failNotEquals(Assert.java:1578)
at org.testng.Assert.assertEqualsImpl(Assert.java:150)
at org.testng.Assert.assertEquals(Assert.java:132)
at org.testng.Assert.assertEquals(Assert.java:656)
at org.testng.Assert.assertEquals(Assert.java:666)
at com.factorial.pagesObjects.HomePage.title(HomePage.java:70)
at com.factorial.testCases.TC02_ValidatePlaceholder.verifyTitle(TC02_ValidatePlaceholder.java:28)
at java.base/jdk.internal.reflect.NativeMethodAccessorImpl.invoke0(Native Method)
at java.base/jdk.internal.reflect.NativeMethodAccessorImpl.invoke(NativeMethodAccessorImpl.java:77)
at java.base/jdk.internal.reflect.DelegatingMethodAccessorImpl.invoke(DelegatingMethodAccessorImpl.java:43)
at java.base/java.lang.reflect.Method.invoke(Method.java:568)
at org.testng.internal.invokers.MethodInvocationHelper.invokeMethod(MethodInvocationHelper.java:139)
at org.testng.internal.invokers.TestInvoker.invokeMethod(TestInvoker.java:664)
at org.testng.internal.invokers.TestInvoker.invokeTestMethod(TestInvoker.java:228)
at org.testng.internal.invokers.MethodRunner.runInSequence(MethodRunner.java:63)
at org.testng.internal.invokers.TestInvoker$MethodInvocationAgent.invoke(TestInvoker.java:961)
at org.testng.internal.invokers.TestInvoker.invokeTestMethods(TestInvoker.java:201)
at org.testng.internal.invokers.TestMethodWorker.invokeTestMethods(TestMethodWorker.java:148)
at org.testng.internal.invokers.TestMethodWorker.run(TestMethodWorker.java:128)
at java.base/java.util.ArrayList.forEach(ArrayList.java:1511)
at org.testng.TestRunner.privateRun(TestRunner.java:819)
at org.testng.TestRunner.run(TestRunner.java:619)
at org.testng.SuiteRunner.runTest(SuiteRunner.java:443)
at org.testng.SuiteRunner.runSequentially(SuiteRunner.java:437)
at org.testng.SuiteRunner.privateRun(SuiteRunner.java:397)
at org.testng.SuiteRunner.run(SuiteRunner.java:336)
at org.testng.SuiteRunnerWorker.runSuite(SuiteRunnerWorker.java:52)
at org.testng.SuiteRunnerWorker.run(SuiteRunnerWorker.java:95)
at org.testng.TestNG.runSuitesSequentially(TestNG.java:1301)
at org.testng.TestNG.runSuitesLocally(TestNG.java:1228)
at org.testng.TestNG.runSuites(TestNG.java:1134)
at org.testng.TestNG.run(TestNG.java:1101)
at org.testng.remote.AbstractRemoteTestNG.run(AbstractRemoteTestNG.java:115)
at org.testng.remote.RemoteTestNG.initAndRun(RemoteTestNG.java:293)
at org.testng.remote.RemoteTestNG.main(RemoteTestNG.java:91)
]]>
            </full-stacktrace>
          </exception> <!-- java.lang.AssertionError -->
          <reporter-output>
          </reporter-output>
        </test-method> <!-- verifyTitle -->
        <test-method signature="verifyURL()[pri:0, instance:com.factorial.testCases.TC02_ValidatePlaceholder@514646ef]" started-at="2024-07-26T18:00:22 IST" name="verifyURL" finished-at="2024-07-26T18:00:23 IST" duration-ms="303" status="PASS">
          <reporter-output>
          </reporter-output>
        </test-method> <!-- verifyURL -->
        <test-method is-config="true" signature="tearDown()[pri:0, instance:com.factorial.testCases.TC02_ValidatePlaceholder@514646ef]" started-at="2024-07-26T18:00:23 IST" name="tearDown" finished-at="2024-07-26T18:00:24 IST" duration-ms="1300" status="PASS">
          <reporter-output>
          </reporter-output>
        </test-method> <!-- tearDown -->
      </class> <!-- com.factorial.testCases.TC02_ValidatePlaceholder -->
    </test> <!-- Testing Factorial -->
  </suite> <!-- Capstone Suite -->
</testng-results>
